# JRE version: OpenJDK Runtime Environment (21.0.9) (build 21.0.9+-14649483-b1163.86)
# Java VM: OpenJDK 64-Bit Server VM (21.0.9+-14649483-b1163.86, mixed mode, tiered, compressed oops, compressed class ptrs, g1 gc, windows-amd64)
GC Precious Log:
 CardTable entry size: 512
 Card Set container configuration: InlinePtr #cards 5 size 8 Array Of Cards #cards 12 size 40 Howl #buckets 4 coarsen threshold 1843 Howl Bitmap #cards 512 size 80 coarsen threshold 460 Card regions per heap region 1 cards per card region 2048
 CPUs: 12 total, 12 available
 Memory: 7528M
 Large Page Support: Disabled
 NUMA Support: Disabled
 Compressed Oops: Enabled (32-bit)
 Heap Region Size: 1M
 Heap Min Capacity: 8M
 Heap Initial Capacity: 118M
 Heap Max Capacity: 2G
 Pre-touch: Disabled
 Parallel Workers: 10
 Concurrent Workers: 3
 Concurrent Refinement Workers: 10
 Periodic GC: Disabled
Heap:
 garbage-first heap   total 423936K, used 267591K [0x0000000080000000, 0x0000000100000000)
  region size 1024K, 174 young (178176K), 6 survivors (6144K)
 Metaspace       used 82489K, committed 84032K, reserved 1179648K
  class space    used 11777K, committed 12480K, reserved 1048576K
GC Heap History (20 events):
Event: 24.062 GC heap before
{Heap before GC invocations=65 (full 0):
 garbage-first heap   total 423936K, used 338186K [0x0000000080000000, 0x0000000100000000)
  region size 1024K, 248 young (253952K), 15 survivors (15360K)
 Metaspace       used 69574K, committed 71168K, reserved 1114112K
  class space    used 9695K, committed 10432K, reserved 1048576K
}
Event: 24.074 GC heap after
{Heap after GC invocations=66 (full 0):
 garbage-first heap   total 423936K, used 100879K [0x0000000080000000, 0x0000000100000000)
  region size 1024K, 17 young (17408K), 17 survivors (17408K)
 Metaspace       used 69574K, committed 71168K, reserved 1114112K
  class space    used 9695K, committed 10432K, reserved 1048576K
}
Event: 24.624 GC heap before
{Heap before GC invocations=66 (full 0):
 garbage-first heap   total 423936K, used 337423K [0x0000000080000000, 0x0000000100000000)
  region size 1024K, 248 young (253952K), 17 survivors (17408K)
 Metaspace       used 69578K, committed 71168K, reserved 1114112K
  class space    used 9695K, committed 10432K, reserved 1048576K
}
Event: 24.638 GC heap after
{Heap after GC invocations=67 (full 0):
 garbage-first heap   total 423936K, used 102104K [0x0000000080000000, 0x0000000100000000)
  region size 1024K, 17 young (17408K), 17 survivors (17408K)
 Metaspace       used 69578K, committed 71168K, reserved 1114112K
  class space    used 9695K, committed 10432K, reserved 1048576K
}
Event: 25.134 GC heap before
{Heap before GC invocations=67 (full 0):
 garbage-first heap   total 423936K, used 339672K [0x0000000080000000, 0x0000000100000000)
  region size 1024K, 248 young (253952K), 17 survivors (17408K)
 Metaspace       used 69578K, committed 71168K, reserved 1114112K
  class space    used 9695K, committed 10432K, reserved 1048576K
}
Event: 25.149 GC heap after
{Heap after GC invocations=68 (full 0):
 garbage-first heap   total 423936K, used 103728K [0x0000000080000000, 0x0000000100000000)
  region size 1024K, 18 young (18432K), 18 survivors (18432K)
 Metaspace       used 69578K, committed 71168K, reserved 1114112K
  class space    used 9695K, committed 10432K, reserved 1048576K
}
Event: 25.628 GC heap before
{Heap before GC invocations=68 (full 0):
 garbage-first heap   total 423936K, used 340272K [0x0000000080000000, 0x0000000100000000)
  region size 1024K, 248 young (253952K), 18 survivors (18432K)
 Metaspace       used 69584K, committed 71168K, reserved 1114112K
  class space    used 9695K, committed 10432K, reserved 1048576K
}
Event: 25.643 GC heap after
{Heap after GC invocations=69 (full 0):
 garbage-first heap   total 423936K, used 105804K [0x0000000080000000, 0x0000000100000000)
  region size 1024K, 18 young (18432K), 18 survivors (18432K)
 Metaspace       used 69584K, committed 71168K, reserved 1114112K
  class space    used 9695K, committed 10432K, reserved 1048576K
}
Event: 26.015 GC heap before
{Heap before GC invocations=69 (full 0):
 garbage-first heap   total 423936K, used 341324K [0x0000000080000000, 0x0000000100000000)
  region size 1024K, 248 young (253952K), 18 survivors (18432K)
 Metaspace       used 69586K, committed 71168K, reserved 1114112K
  class space    used 9695K, committed 10432K, reserved 1048576K
}
Event: 26.029 GC heap after
{Heap after GC invocations=70 (full 0):
 garbage-first heap   total 423936K, used 106299K [0x0000000080000000, 0x0000000100000000)
  region size 1024K, 17 young (17408K), 17 survivors (17408K)
 Metaspace       used 69586K, committed 71168K, reserved 1114112K
  class space    used 9695K, committed 10432K, reserved 1048576K
}
Event: 27.485 GC heap before
{Heap before GC invocations=70 (full 0):
 garbage-first heap   total 423936K, used 350011K [0x0000000080000000, 0x0000000100000000)
  region size 1024K, 248 young (253952K), 17 survivors (17408K)
 Metaspace       used 69912K, committed 71488K, reserved 1114112K
  class space    used 9732K, committed 10496K, reserved 1048576K
}
Event: 27.490 GC heap after
{Heap after GC invocations=71 (full 0):
 garbage-first heap   total 423936K, used 104394K [0x0000000080000000, 0x0000000100000000)
  region size 1024K, 8 young (8192K), 8 survivors (8192K)
 Metaspace       used 69912K, committed 71488K, reserved 1114112K
  class space    used 9732K, committed 10496K, reserved 1048576K
}
Event: 28.499 GC heap before
{Heap before GC invocations=71 (full 0):
 garbage-first heap   total 423936K, used 357322K [0x0000000080000000, 0x0000000100000000)
  region size 1024K, 248 young (253952K), 8 survivors (8192K)
 Metaspace       used 72145K, committed 73792K, reserved 1114112K
  class space    used 9986K, committed 10752K, reserved 1048576K
}
Event: 28.505 GC heap after
{Heap after GC invocations=72 (full 0):
 garbage-first heap   total 423936K, used 104940K [0x0000000080000000, 0x0000000100000000)
  region size 1024K, 8 young (8192K), 8 survivors (8192K)
 Metaspace       used 72145K, committed 73792K, reserved 1114112K
  class space    used 9986K, committed 10752K, reserved 1048576K
}
Event: 29.109 GC heap before
{Heap before GC invocations=72 (full 0):
 garbage-first heap   total 423936K, used 350700K [0x0000000080000000, 0x0000000100000000)
  region size 1024K, 248 young (253952K), 8 survivors (8192K)
 Metaspace       used 72145K, committed 73792K, reserved 1114112K
  class space    used 9986K, committed 10752K, reserved 1048576K
}
Event: 29.117 GC heap after
{Heap after GC invocations=73 (full 0):
 garbage-first heap   total 423936K, used 108984K [0x0000000080000000, 0x0000000100000000)
  region size 1024K, 11 young (11264K), 11 survivors (11264K)
 Metaspace       used 72145K, committed 73792K, reserved 1114112K
  class space    used 9986K, committed 10752K, reserved 1048576K
}
Event: 29.715 GC heap before
{Heap before GC invocations=73 (full 0):
 garbage-first heap   total 423936K, used 351672K [0x0000000080000000, 0x0000000100000000)
  region size 1024K, 248 young (253952K), 11 survivors (11264K)
 Metaspace       used 72147K, committed 73792K, reserved 1114112K
  class space    used 9986K, committed 10752K, reserved 1048576K
}
Event: 29.724 GC heap after
{Heap after GC invocations=74 (full 0):
 garbage-first heap   total 423936K, used 112544K [0x0000000080000000, 0x0000000100000000)
  region size 1024K, 15 young (15360K), 15 survivors (15360K)
 Metaspace       used 72147K, committed 73792K, reserved 1114112K
  class space    used 9986K, committed 10752K, reserved 1048576K
}
Event: 30.866 GC heap before
{Heap before GC invocations=74 (full 0):
 garbage-first heap   total 423936K, used 358304K [0x0000000080000000, 0x0000000100000000)
  region size 1024K, 248 young (253952K), 15 survivors (15360K)
 Metaspace       used 72196K, committed 73792K, reserved 1114112K
  class space    used 9990K, committed 10752K, reserved 1048576K
}
Event: 30.871 GC heap after
{Heap after GC invocations=75 (full 0):
 garbage-first heap   total 423936K, used 96583K [0x0000000080000000, 0x0000000100000000)
  region size 1024K, 6 young (6144K), 6 survivors (6144K)
 Metaspace       used 72196K, committed 73792K, reserved 1114112K
  class space    used 9990K, committed 10752K, reserved 1048576K
}

