# JRE version: OpenJDK Runtime Environment (21.0.9) (build 21.0.9+-14649483-b1163.86)
# Java VM: OpenJDK 64-Bit Server VM (21.0.9+-14649483-b1163.86, mixed mode, tiered, compressed oops, compressed class ptrs, g1 gc, windows-amd64)
GC Precious Log:
 CardTable entry size: 512
 Card Set container configuration: InlinePtr #cards 5 size 8 Array Of Cards #cards 12 size 40 Howl #buckets 4 coarsen threshold 1843 Howl Bitmap #cards 512 size 80 coarsen threshold 460 Card regions per heap region 1 cards per card region 2048
 CPUs: 12 total, 12 available
 Memory: 7528M
 Large Page Support: Disabled
 NUMA Support: Disabled
 Compressed Oops: Enabled (32-bit)
 Heap Region Size: 1M
 Heap Min Capacity: 8M
 Heap Initial Capacity: 118M
 Heap Max Capacity: 2G
 Pre-touch: Disabled
 Parallel Workers: 10
 Concurrent Workers: 3
 Concurrent Refinement Workers: 10
 Periodic GC: Disabled
Heap:
 garbage-first heap   total 201728K, used 120240K [0x0000000080000000, 0x0000000100000000)
  region size 1024K, 7 young (7168K), 7 survivors (7168K)
 Metaspace       used 136569K, committed 138624K, reserved 1179648K
  class space    used 18028K, committed 19008K, reserved 1048576K
GC Heap History (20 events):
Event: 56.640 GC heap after
{Heap after GC invocations=36 (full 0):
 garbage-first heap   total 184320K, used 114497K [0x0000000080000000, 0x0000000100000000)
  region size 1024K, 6 young (6144K), 6 survivors (6144K)
 Metaspace       used 120805K, committed 122880K, reserved 1179648K
  class space    used 16057K, committed 17024K, reserved 1048576K
}
Event: 58.145 GC heap before
{Heap before GC invocations=36 (full 0):
 garbage-first heap   total 184320K, used 169793K [0x0000000080000000, 0x0000000100000000)
  region size 1024K, 60 young (61440K), 6 survivors (6144K)
 Metaspace       used 128614K, committed 130624K, reserved 1179648K
  class space    used 16978K, committed 17920K, reserved 1048576K
}
Event: 58.152 GC heap after
{Heap after GC invocations=37 (full 0):
 garbage-first heap   total 184320K, used 115971K [0x0000000080000000, 0x0000000100000000)
  region size 1024K, 4 young (4096K), 4 survivors (4096K)
 Metaspace       used 128614K, committed 130624K, reserved 1179648K
  class space    used 16978K, committed 17920K, reserved 1048576K
}
Event: 60.989 GC heap before
{Heap before GC invocations=38 (full 0):
 garbage-first heap   total 194560K, used 170243K [0x0000000080000000, 0x0000000100000000)
  region size 1024K, 58 young (59392K), 4 survivors (4096K)
 Metaspace       used 136233K, committed 138304K, reserved 1179648K
  class space    used 17986K, committed 18944K, reserved 1048576K
}
Event: 60.999 GC heap after
{Heap after GC invocations=39 (full 0):
 garbage-first heap   total 194560K, used 119402K [0x0000000080000000, 0x0000000100000000)
  region size 1024K, 8 young (8192K), 8 survivors (8192K)
 Metaspace       used 136233K, committed 138304K, reserved 1179648K
  class space    used 17986K, committed 18944K, reserved 1048576K
}
Event: 61.265 GC heap before
{Heap before GC invocations=39 (full 0):
 garbage-first heap   total 194560K, used 179818K [0x0000000080000000, 0x0000000100000000)
  region size 1024K, 67 young (68608K), 8 survivors (8192K)
 Metaspace       used 136568K, committed 138624K, reserved 1179648K
  class space    used 18027K, committed 19008K, reserved 1048576K
}
Event: 61.276 GC heap after
{Heap after GC invocations=40 (full 0):
 garbage-first heap   total 194560K, used 119492K [0x0000000080000000, 0x0000000100000000)
  region size 1024K, 5 young (5120K), 5 survivors (5120K)
 Metaspace       used 136568K, committed 138624K, reserved 1179648K
  class space    used 18027K, committed 19008K, reserved 1048576K
}
Event: 61.496 GC heap before
{Heap before GC invocations=40 (full 0):
 garbage-first heap   total 194560K, used 181956K [0x0000000080000000, 0x0000000100000000)
  region size 1024K, 66 young (67584K), 5 survivors (5120K)
 Metaspace       used 136568K, committed 138624K, reserved 1179648K
  class space    used 18027K, committed 19008K, reserved 1048576K
}
Event: 61.503 GC heap after
{Heap after GC invocations=41 (full 0):
 garbage-first heap   total 194560K, used 120584K [0x0000000080000000, 0x0000000100000000)
  region size 1024K, 6 young (6144K), 6 survivors (6144K)
 Metaspace       used 136568K, committed 138624K, reserved 1179648K
  class space    used 18027K, committed 19008K, reserved 1048576K
}
Event: 61.738 GC heap before
{Heap before GC invocations=42 (full 0):
 garbage-first heap   total 201728K, used 183048K [0x0000000080000000, 0x0000000100000000)
  region size 1024K, 67 young (68608K), 6 survivors (6144K)
 Metaspace       used 136568K, committed 138624K, reserved 1179648K
  class space    used 18027K, committed 19008K, reserved 1048576K
}
Event: 61.745 GC heap after
{Heap after GC invocations=43 (full 0):
 garbage-first heap   total 201728K, used 121417K [0x0000000080000000, 0x0000000100000000)
  region size 1024K, 3 young (3072K), 3 survivors (3072K)
 Metaspace       used 136568K, committed 138624K, reserved 1179648K
  class space    used 18027K, committed 19008K, reserved 1048576K
}
Event: 61.943 GC heap before
{Heap before GC invocations=43 (full 0):
 garbage-first heap   total 201728K, used 190025K [0x0000000080000000, 0x0000000100000000)
  region size 1024K, 70 young (71680K), 3 survivors (3072K)
 Metaspace       used 136568K, committed 138624K, reserved 1179648K
  class space    used 18027K, committed 19008K, reserved 1048576K
}
Event: 61.948 GC heap after
{Heap after GC invocations=44 (full 0):
 garbage-first heap   total 201728K, used 117923K [0x0000000080000000, 0x0000000100000000)
  region size 1024K, 4 young (4096K), 4 survivors (4096K)
 Metaspace       used 136568K, committed 138624K, reserved 1179648K
  class space    used 18027K, committed 19008K, reserved 1048576K
}
Event: 62.161 GC heap before
{Heap before GC invocations=44 (full 0):
 garbage-first heap   total 201728K, used 189603K [0x0000000080000000, 0x0000000100000000)
  region size 1024K, 74 young (75776K), 4 survivors (4096K)
 Metaspace       used 136569K, committed 138624K, reserved 1179648K
  class space    used 18028K, committed 19008K, reserved 1048576K
}
Event: 62.167 GC heap after
{Heap after GC invocations=45 (full 0):
 garbage-first heap   total 201728K, used 119182K [0x0000000080000000, 0x0000000100000000)
  region size 1024K, 5 young (5120K), 5 survivors (5120K)
 Metaspace       used 136569K, committed 138624K, reserved 1179648K
  class space    used 18028K, committed 19008K, reserved 1048576K
}
Event: 62.386 GC heap before
{Heap before GC invocations=46 (full 0):
 garbage-first heap   total 201728K, used 189838K [0x0000000080000000, 0x0000000100000000)
  region size 1024K, 74 young (75776K), 5 survivors (5120K)
 Metaspace       used 136569K, committed 138624K, reserved 1179648K
  class space    used 18028K, committed 19008K, reserved 1048576K
}
Event: 62.392 GC heap after
{Heap after GC invocations=47 (full 0):
 garbage-first heap   total 201728K, used 120286K [0x0000000080000000, 0x0000000100000000)
  region size 1024K, 6 young (6144K), 6 survivors (6144K)
 Metaspace       used 136569K, committed 138624K, reserved 1179648K
  class space    used 18028K, committed 19008K, reserved 1048576K
}
Event: 62.584 GC heap before
{Heap before GC invocations=47 (full 0):
 garbage-first heap   total 201728K, used 189918K [0x0000000080000000, 0x0000000100000000)
  region size 1024K, 74 young (75776K), 6 survivors (6144K)
 Metaspace       used 136569K, committed 138624K, reserved 1179648K
  class space    used 18028K, committed 19008K, reserved 1048576K
}
Event: 62.591 GC heap after
{Heap after GC invocations=48 (full 0):
 garbage-first heap   total 201728K, used 118855K [0x0000000080000000, 0x0000000100000000)
  region size 1024K, 7 young (7168K), 7 survivors (7168K)
 Metaspace       used 136569K, committed 138624K, reserved 1179648K
  class space    used 18028K, committed 19008K, reserved 1048576K
}
Event: 62.772 GC heap before
{Heap before GC invocations=48 (full 0):
 garbage-first heap   total 201728K, used 189511K [0x0000000080000000, 0x0000000100000000)
  region size 1024K, 76 young (77824K), 7 survivors (7168K)
 Metaspace       used 136569K, committed 138624K, reserved 1179648K
  class space    used 18028K, committed 19008K, reserved 1048576K
}

