# JRE version: OpenJDK Runtime Environment (21.0.9) (build 21.0.9+-14649483-b1163.86)
# Java VM: OpenJDK 64-Bit Server VM (21.0.9+-14649483-b1163.86, mixed mode, tiered, compressed oops, compressed class ptrs, g1 gc, windows-amd64)
GC Precious Log:
 CardTable entry size: 512
 Card Set container configuration: InlinePtr #cards 4 size 8 Array Of Cards #cards 16 size 48 Howl #buckets 8 coarsen threshold 3686 Howl Bitmap #cards 512 size 80 coarsen threshold 460 Card regions per heap region 1 cards per card region 4096
 CPUs: 12 total, 12 available
 Memory: 7528M
 Large Page Support: Disabled
 NUMA Support: Disabled
 Compressed Oops: Enabled (Zero based)
 Heap Region Size: 2M
 Heap Min Capacity: 8M
 Heap Initial Capacity: 118M
 Heap Max Capacity: 4G
 Pre-touch: Disabled
 Parallel Workers: 10
 Concurrent Workers: 3
 Concurrent Refinement Workers: 10
 Periodic GC: Disabled
Heap:
 garbage-first heap   total 276480K, used 164933K [0x0000000700000000, 0x0000000800000000)
  region size 2048K, 3 young (6144K), 3 survivors (6144K)
 Metaspace       used 144526K, committed 146752K, reserved 983040K
  class space    used 18920K, committed 19968K, reserved 851968K
GC Heap History (20 events):
Event: 22.970 GC heap after
{Heap after GC invocations=33 (full 0):
 garbage-first heap   total 227328K, used 118592K [0x0000000700000000, 0x0000000800000000)
  region size 2048K, 4 young (8192K), 4 survivors (8192K)
 Metaspace       used 130017K, committed 132096K, reserved 983040K
  class space    used 17104K, committed 18112K, reserved 851968K
}
Event: 23.810 GC heap before
{Heap before GC invocations=33 (full 0):
 garbage-first heap   total 227328K, used 206656K [0x0000000700000000, 0x0000000800000000)
  region size 2048K, 47 young (96256K), 4 survivors (8192K)
 Metaspace       used 130151K, committed 132224K, reserved 983040K
  class space    used 17117K, committed 18112K, reserved 851968K
}
Event: 23.818 GC heap after
{Heap after GC invocations=34 (full 0):
 garbage-first heap   total 227328K, used 118893K [0x0000000700000000, 0x0000000800000000)
  region size 2048K, 4 young (8192K), 4 survivors (8192K)
 Metaspace       used 130151K, committed 132224K, reserved 983040K
  class space    used 17117K, committed 18112K, reserved 851968K
}
Event: 24.907 GC heap before
{Heap before GC invocations=34 (full 0):
 garbage-first heap   total 227328K, used 209005K [0x0000000700000000, 0x0000000800000000)
  region size 2048K, 48 young (98304K), 4 survivors (8192K)
 Metaspace       used 133977K, committed 136064K, reserved 983040K
  class space    used 17568K, committed 18560K, reserved 851968K
}
Event: 24.917 GC heap after
{Heap after GC invocations=35 (full 0):
 garbage-first heap   total 227328K, used 119410K [0x0000000700000000, 0x0000000800000000)
  region size 2048K, 4 young (8192K), 4 survivors (8192K)
 Metaspace       used 133977K, committed 136064K, reserved 983040K
  class space    used 17568K, committed 18560K, reserved 851968K
}
Event: 25.778 GC heap before
{Heap before GC invocations=36 (full 0):
 garbage-first heap   total 227328K, used 211570K [0x0000000700000000, 0x0000000800000000)
  region size 2048K, 49 young (100352K), 4 survivors (8192K)
 Metaspace       used 134269K, committed 136384K, reserved 983040K
  class space    used 17570K, committed 18560K, reserved 851968K
}
Event: 25.791 GC heap after
{Heap after GC invocations=37 (full 0):
 garbage-first heap   total 227328K, used 126640K [0x0000000700000000, 0x0000000800000000)
  region size 2048K, 7 young (14336K), 7 survivors (14336K)
 Metaspace       used 134269K, committed 136384K, reserved 983040K
  class space    used 17570K, committed 18560K, reserved 851968K
}
Event: 27.641 GC heap before
{Heap before GC invocations=37 (full 0):
 garbage-first heap   total 227328K, used 210608K [0x0000000700000000, 0x0000000800000000)
  region size 2048K, 48 young (98304K), 7 survivors (14336K)
 Metaspace       used 141724K, committed 143936K, reserved 983040K
  class space    used 18704K, committed 19776K, reserved 851968K
}
Event: 27.659 GC heap after
{Heap after GC invocations=38 (full 0):
 garbage-first heap   total 235520K, used 133519K [0x0000000700000000, 0x0000000800000000)
  region size 2048K, 4 young (8192K), 4 survivors (8192K)
 Metaspace       used 141724K, committed 143936K, reserved 983040K
  class space    used 18704K, committed 19776K, reserved 851968K
}
Event: 28.579 GC heap before
{Heap before GC invocations=38 (full 0):
 garbage-first heap   total 235520K, used 215439K [0x0000000700000000, 0x0000000800000000)
  region size 2048K, 45 young (92160K), 4 survivors (8192K)
 Metaspace       used 142993K, committed 145216K, reserved 983040K
  class space    used 18825K, committed 19904K, reserved 851968K
}
Event: 28.592 GC heap after
{Heap after GC invocations=39 (full 0):
 garbage-first heap   total 237568K, used 142189K [0x0000000700000000, 0x0000000800000000)
  region size 2048K, 5 young (10240K), 5 survivors (10240K)
 Metaspace       used 142993K, committed 145216K, reserved 983040K
  class space    used 18825K, committed 19904K, reserved 851968K
}
Event: 30.034 GC heap before
{Heap before GC invocations=40 (full 0):
 garbage-first heap   total 243712K, used 213869K [0x0000000700000000, 0x0000000800000000)
  region size 2048K, 41 young (83968K), 5 survivors (10240K)
 Metaspace       used 144343K, committed 146560K, reserved 983040K
  class space    used 18916K, committed 19968K, reserved 851968K
}
Event: 30.045 GC heap after
{Heap after GC invocations=41 (full 0):
 garbage-first heap   total 243712K, used 144882K [0x0000000700000000, 0x0000000800000000)
  region size 2048K, 5 young (10240K), 5 survivors (10240K)
 Metaspace       used 144343K, committed 146560K, reserved 983040K
  class space    used 18916K, committed 19968K, reserved 851968K
}
Event: 30.477 GC heap before
{Heap before GC invocations=41 (full 0):
 garbage-first heap   total 243712K, used 218610K [0x0000000700000000, 0x0000000800000000)
  region size 2048K, 42 young (86016K), 5 survivors (10240K)
 Metaspace       used 144358K, committed 146624K, reserved 983040K
  class space    used 18916K, committed 19968K, reserved 851968K
}
Event: 30.504 GC heap after
{Heap after GC invocations=42 (full 0):
 garbage-first heap   total 249856K, used 159160K [0x0000000700000000, 0x0000000800000000)
  region size 2048K, 6 young (12288K), 6 survivors (12288K)
 Metaspace       used 144358K, committed 146624K, reserved 983040K
  class space    used 18916K, committed 19968K, reserved 851968K
}
Event: 30.852 GC heap before
{Heap before GC invocations=42 (full 0):
 garbage-first heap   total 249856K, used 216504K [0x0000000700000000, 0x0000000800000000)
  region size 2048K, 35 young (71680K), 6 survivors (12288K)
 Metaspace       used 144435K, committed 146688K, reserved 983040K
  class space    used 18918K, committed 19968K, reserved 851968K
}
Event: 30.869 GC heap after
{Heap after GC invocations=43 (full 0):
 garbage-first heap   total 249856K, used 166092K [0x0000000700000000, 0x0000000800000000)
  region size 2048K, 3 young (6144K), 3 survivors (6144K)
 Metaspace       used 144435K, committed 146688K, reserved 983040K
  class space    used 18918K, committed 19968K, reserved 851968K
}
Event: 31.144 GC heap before
{Heap before GC invocations=44 (full 0):
 garbage-first heap   total 276480K, used 219340K [0x0000000700000000, 0x0000000800000000)
  region size 2048K, 31 young (63488K), 3 survivors (6144K)
 Metaspace       used 144500K, committed 146752K, reserved 983040K
  class space    used 18920K, committed 19968K, reserved 851968K
}
Event: 31.155 GC heap after
{Heap after GC invocations=45 (full 0):
 garbage-first heap   total 276480K, used 171893K [0x0000000700000000, 0x0000000800000000)
  region size 2048K, 4 young (8192K), 4 survivors (8192K)
 Metaspace       used 144500K, committed 146752K, reserved 983040K
  class space    used 18920K, committed 19968K, reserved 851968K
}
Event: 31.280 GC heap before
{Heap before GC invocations=45 (full 0):
 garbage-first heap   total 276480K, used 243573K [0x0000000700000000, 0x0000000800000000)
  region size 2048K, 40 young (81920K), 4 survivors (8192K)
 Metaspace       used 144526K, committed 146752K, reserved 983040K
  class space    used 18920K, committed 19968K, reserved 851968K
}

