# JRE version: OpenJDK Runtime Environment (21.0.9) (build 21.0.9+-14649483-b1163.86)
# Java VM: OpenJDK 64-Bit Server VM (21.0.9+-14649483-b1163.86, mixed mode, tiered, compressed oops, compressed class ptrs, g1 gc, windows-amd64)
GC Precious Log:
 CardTable entry size: 512
 Card Set container configuration: InlinePtr #cards 4 size 8 Array Of Cards #cards 16 size 48 Howl #buckets 8 coarsen threshold 3686 Howl Bitmap #cards 512 size 80 coarsen threshold 460 Card regions per heap region 1 cards per card region 4096
 CPUs: 12 total, 12 available
 Memory: 7528M
 Large Page Support: Disabled
 NUMA Support: Disabled
 Compressed Oops: Enabled (Zero based)
 Heap Region Size: 2M
 Heap Min Capacity: 8M
 Heap Initial Capacity: 118M
 Heap Max Capacity: 4G
 Pre-touch: Disabled
 Parallel Workers: 10
 Concurrent Workers: 3
 Concurrent Refinement Workers: 10
 Periodic GC: Disabled
Heap:
 garbage-first heap   total 196608K, used 152800K [0x0000000700000000, 0x0000000800000000)
  region size 2048K, 26 young (53248K), 3 survivors (6144K)
 Metaspace       used 109274K, committed 111232K, reserved 983040K
  class space    used 14898K, committed 15872K, reserved 851968K
GC Heap History (20 events):
Event: 22.273 GC heap before
{Heap before GC invocations=21 (full 0):
 garbage-first heap   total 147456K, used 132201K [0x0000000700000000, 0x0000000800000000)
  region size 2048K, 27 young (55296K), 1 survivors (2048K)
 Metaspace       used 64564K, committed 66112K, reserved 917504K
  class space    used 8998K, committed 9728K, reserved 851968K
}
Event: 22.276 GC heap after
{Heap after GC invocations=22 (full 0):
 garbage-first heap   total 147456K, used 78571K [0x0000000700000000, 0x0000000800000000)
  region size 2048K, 1 young (2048K), 1 survivors (2048K)
 Metaspace       used 64564K, committed 66112K, reserved 917504K
  class space    used 8998K, committed 9728K, reserved 851968K
}
Event: 22.899 GC heap before
{Heap before GC invocations=22 (full 0):
 garbage-first heap   total 147456K, used 133867K [0x0000000700000000, 0x0000000800000000)
  region size 2048K, 28 young (57344K), 1 survivors (2048K)
 Metaspace       used 68578K, committed 70144K, reserved 917504K
  class space    used 9552K, committed 10304K, reserved 851968K
}
Event: 22.903 GC heap after
{Heap after GC invocations=23 (full 0):
 garbage-first heap   total 147456K, used 77948K [0x0000000700000000, 0x0000000800000000)
  region size 2048K, 1 young (2048K), 1 survivors (2048K)
 Metaspace       used 68578K, committed 70144K, reserved 917504K
  class space    used 9552K, committed 10304K, reserved 851968K
}
Event: 22.927 GC heap before
{Heap before GC invocations=23 (full 0):
 garbage-first heap   total 147456K, used 77948K [0x0000000700000000, 0x0000000800000000)
  region size 2048K, 2 young (4096K), 1 survivors (2048K)
 Metaspace       used 68696K, committed 70272K, reserved 917504K
  class space    used 9576K, committed 10368K, reserved 851968K
}
Event: 22.930 GC heap after
{Heap after GC invocations=24 (full 0):
 garbage-first heap   total 147456K, used 77937K [0x0000000700000000, 0x0000000800000000)
  region size 2048K, 1 young (2048K), 1 survivors (2048K)
 Metaspace       used 68696K, committed 70272K, reserved 917504K
  class space    used 9576K, committed 10368K, reserved 851968K
}
Event: 23.837 GC heap before
{Heap before GC invocations=25 (full 0):
 garbage-first heap   total 147456K, used 141425K [0x0000000700000000, 0x0000000800000000)
  region size 2048K, 29 young (59392K), 1 survivors (2048K)
 Metaspace       used 74978K, committed 76608K, reserved 917504K
  class space    used 10758K, committed 11520K, reserved 851968K
}
Event: 23.841 GC heap after
{Heap after GC invocations=26 (full 0):
 garbage-first heap   total 147456K, used 79024K [0x0000000700000000, 0x0000000800000000)
  region size 2048K, 2 young (4096K), 2 survivors (4096K)
 Metaspace       used 74978K, committed 76608K, reserved 917504K
  class space    used 10758K, committed 11520K, reserved 851968K
}
Event: 24.369 GC heap before
{Heap before GC invocations=26 (full 0):
 garbage-first heap   total 147456K, used 134320K [0x0000000700000000, 0x0000000800000000)
  region size 2048K, 29 young (59392K), 2 survivors (4096K)
 Metaspace       used 77233K, committed 78848K, reserved 983040K
  class space    used 11061K, committed 11840K, reserved 851968K
}
Event: 24.374 GC heap after
{Heap after GC invocations=27 (full 0):
 garbage-first heap   total 147456K, used 77474K [0x0000000700000000, 0x0000000800000000)
  region size 2048K, 2 young (4096K), 2 survivors (4096K)
 Metaspace       used 77233K, committed 78848K, reserved 983040K
  class space    used 11061K, committed 11840K, reserved 851968K
}
Event: 25.274 GC heap before
{Heap before GC invocations=27 (full 0):
 garbage-first heap   total 147456K, used 124578K [0x0000000700000000, 0x0000000800000000)
  region size 2048K, 27 young (55296K), 2 survivors (4096K)
 Metaspace       used 85786K, committed 87488K, reserved 983040K
  class space    used 12145K, committed 12992K, reserved 851968K
}
Event: 25.280 GC heap after
{Heap after GC invocations=28 (full 0):
 garbage-first heap   total 147456K, used 78746K [0x0000000700000000, 0x0000000800000000)
  region size 2048K, 2 young (4096K), 2 survivors (4096K)
 Metaspace       used 85786K, committed 87488K, reserved 983040K
  class space    used 12145K, committed 12992K, reserved 851968K
}
Event: 25.856 GC heap before
{Heap before GC invocations=29 (full 0):
 garbage-first heap   total 147456K, used 142234K [0x0000000700000000, 0x0000000800000000)
  region size 2048K, 30 young (61440K), 2 survivors (4096K)
 Metaspace       used 88015K, committed 89728K, reserved 983040K
  class space    used 12416K, committed 13248K, reserved 851968K
}
Event: 25.871 GC heap after
{Heap after GC invocations=30 (full 0):
 garbage-first heap   total 159744K, used 90581K [0x0000000700000000, 0x0000000800000000)
  region size 2048K, 4 young (8192K), 4 survivors (8192K)
 Metaspace       used 88015K, committed 89728K, reserved 983040K
  class space    used 12416K, committed 13248K, reserved 851968K
}
Event: 26.750 GC heap before
{Heap before GC invocations=30 (full 0):
 garbage-first heap   total 159744K, used 145877K [0x0000000700000000, 0x0000000800000000)
  region size 2048K, 29 young (59392K), 4 survivors (8192K)
 Metaspace       used 93906K, committed 95616K, reserved 983040K
  class space    used 13055K, committed 13888K, reserved 851968K
}
Event: 26.764 GC heap after
{Heap after GC invocations=31 (full 0):
 garbage-first heap   total 163840K, used 102232K [0x0000000700000000, 0x0000000800000000)
  region size 2048K, 3 young (6144K), 3 survivors (6144K)
 Metaspace       used 93906K, committed 95616K, reserved 983040K
  class space    used 13055K, committed 13888K, reserved 851968K
}
Event: 27.428 GC heap before
{Heap before GC invocations=31 (full 0):
 garbage-first heap   total 163840K, used 147288K [0x0000000700000000, 0x0000000800000000)
  region size 2048K, 26 young (53248K), 3 survivors (6144K)
 Metaspace       used 99996K, committed 102016K, reserved 983040K
  class space    used 13784K, committed 14784K, reserved 851968K
}
Event: 27.435 GC heap after
{Heap after GC invocations=32 (full 0):
 garbage-first heap   total 196608K, used 104513K [0x0000000700000000, 0x0000000800000000)
  region size 2048K, 2 young (4096K), 2 survivors (4096K)
 Metaspace       used 99996K, committed 102016K, reserved 983040K
  class space    used 13784K, committed 14784K, reserved 851968K
}
Event: 28.474 GC heap before
{Heap before GC invocations=33 (full 0):
 garbage-first heap   total 196608K, used 172097K [0x0000000700000000, 0x0000000800000000)
  region size 2048K, 36 young (73728K), 2 survivors (4096K)
 Metaspace       used 106417K, committed 108416K, reserved 983040K
  class space    used 14586K, committed 15552K, reserved 851968K
}
Event: 28.481 GC heap after
{Heap after GC invocations=34 (full 0):
 garbage-first heap   total 196608K, used 107744K [0x0000000700000000, 0x0000000800000000)
  region size 2048K, 3 young (6144K), 3 survivors (6144K)
 Metaspace       used 106417K, committed 108416K, reserved 983040K
  class space    used 14586K, committed 15552K, reserved 851968K
}

