# JRE version: OpenJDK Runtime Environment (21.0.9) (build 21.0.9+-14649483-b1163.86)
# Java VM: OpenJDK 64-Bit Server VM (21.0.9+-14649483-b1163.86, mixed mode, tiered, compressed oops, compressed class ptrs, g1 gc, windows-amd64)
GC Precious Log:
 CardTable entry size: 512
 Card Set container configuration: InlinePtr #cards 5 size 8 Array Of Cards #cards 12 size 40 Howl #buckets 4 coarsen threshold 1843 Howl Bitmap #cards 512 size 80 coarsen threshold 460 Card regions per heap region 1 cards per card region 2048
 CPUs: 12 total, 12 available
 Memory: 7528M
 Large Page Support: Disabled
 NUMA Support: Disabled
 Compressed Oops: Enabled (32-bit)
 Heap Region Size: 1M
 Heap Min Capacity: 8M
 Heap Initial Capacity: 118M
 Heap Max Capacity: 2G
 Pre-touch: Disabled
 Parallel Workers: 10
 Concurrent Workers: 3
 Concurrent Refinement Workers: 10
 Periodic GC: Disabled
Heap:
 garbage-first heap   total 237568K, used 126687K [0x0000000080000000, 0x0000000100000000)
  region size 1024K, 61 young (62464K), 13 survivors (13312K)
 Metaspace       used 73901K, committed 75648K, reserved 1114112K
  class space    used 10453K, committed 11264K, reserved 1048576K
GC Heap History (20 events):
Event: 16.077 GC heap after
{Heap after GC invocations=18 (full 0):
 garbage-first heap   total 96256K, used 46672K [0x0000000080000000, 0x0000000100000000)
  region size 1024K, 5 young (5120K), 5 survivors (5120K)
 Metaspace       used 69896K, committed 71552K, reserved 1114112K
  class space    used 9842K, committed 10624K, reserved 1048576K
}
Event: 17.584 GC heap before
{Heap before GC invocations=18 (full 0):
 garbage-first heap   total 96256K, used 86608K [0x0000000080000000, 0x0000000100000000)
  region size 1024K, 45 young (46080K), 5 survivors (5120K)
 Metaspace       used 72930K, committed 74624K, reserved 1114112K
  class space    used 10304K, committed 11136K, reserved 1048576K
}
Event: 17.594 GC heap after
{Heap after GC invocations=19 (full 0):
 garbage-first heap   total 97280K, used 50591K [0x0000000080000000, 0x0000000100000000)
  region size 1024K, 6 young (6144K), 6 survivors (6144K)
 Metaspace       used 72930K, committed 74624K, reserved 1114112K
  class space    used 10304K, committed 11136K, reserved 1048576K
}
Event: 17.758 GC heap before
{Heap before GC invocations=19 (full 0):
 garbage-first heap   total 97280K, used 65951K [0x0000000080000000, 0x0000000100000000)
  region size 1024K, 23 young (23552K), 6 survivors (6144K)
 Metaspace       used 73409K, committed 75136K, reserved 1114112K
  class space    used 10398K, committed 11200K, reserved 1048576K
}
Event: 17.767 GC heap after
{Heap after GC invocations=20 (full 0):
 garbage-first heap   total 97280K, used 52079K [0x0000000080000000, 0x0000000100000000)
  region size 1024K, 2 young (2048K), 2 survivors (2048K)
 Metaspace       used 73409K, committed 75136K, reserved 1114112K
  class space    used 10398K, committed 11200K, reserved 1048576K
}
Event: 17.890 GC heap before
{Heap before GC invocations=21 (full 0):
 garbage-first heap   total 97280K, used 92015K [0x0000000080000000, 0x0000000100000000)
  region size 1024K, 37 young (37888K), 2 survivors (2048K)
 Metaspace       used 73549K, committed 75264K, reserved 1114112K
  class space    used 10422K, committed 11264K, reserved 1048576K
}
Event: 17.896 GC heap after
{Heap after GC invocations=22 (full 0):
 garbage-first heap   total 99328K, used 59458K [0x0000000080000000, 0x0000000100000000)
  region size 1024K, 4 young (4096K), 4 survivors (4096K)
 Metaspace       used 73549K, committed 75264K, reserved 1114112K
  class space    used 10422K, committed 11264K, reserved 1048576K
}
Event: 17.949 GC heap before
{Heap before GC invocations=22 (full 0):
 garbage-first heap   total 99328K, used 89154K [0x0000000080000000, 0x0000000100000000)
  region size 1024K, 34 young (34816K), 4 survivors (4096K)
 Metaspace       used 73586K, committed 75328K, reserved 1114112K
  class space    used 10425K, committed 11264K, reserved 1048576K
}
Event: 17.955 GC heap after
{Heap after GC invocations=23 (full 0):
 garbage-first heap   total 139264K, used 60410K [0x0000000080000000, 0x0000000100000000)
  region size 1024K, 2 young (2048K), 2 survivors (2048K)
 Metaspace       used 73586K, committed 75328K, reserved 1114112K
  class space    used 10425K, committed 11264K, reserved 1048576K
}
Event: 18.080 GC heap before
{Heap before GC invocations=23 (full 0):
 garbage-first heap   total 139264K, used 121850K [0x0000000080000000, 0x0000000100000000)
  region size 1024K, 63 young (64512K), 2 survivors (2048K)
 Metaspace       used 73721K, committed 75456K, reserved 1114112K
  class space    used 10453K, committed 11264K, reserved 1048576K
}
Event: 18.086 GC heap after
{Heap after GC invocations=24 (full 0):
 garbage-first heap   total 139264K, used 62064K [0x0000000080000000, 0x0000000100000000)
  region size 1024K, 3 young (3072K), 3 survivors (3072K)
 Metaspace       used 73721K, committed 75456K, reserved 1114112K
  class space    used 10453K, committed 11264K, reserved 1048576K
}
Event: 18.243 GC heap before
{Heap before GC invocations=25 (full 0):
 garbage-first heap   total 139264K, used 124528K [0x0000000080000000, 0x0000000100000000)
  region size 1024K, 65 young (66560K), 3 survivors (3072K)
 Metaspace       used 73749K, committed 75520K, reserved 1114112K
  class space    used 10453K, committed 11264K, reserved 1048576K
}
Event: 18.249 GC heap after
{Heap after GC invocations=26 (full 0):
 garbage-first heap   total 139264K, used 64128K [0x0000000080000000, 0x0000000100000000)
  region size 1024K, 5 young (5120K), 5 survivors (5120K)
 Metaspace       used 73749K, committed 75520K, reserved 1114112K
  class space    used 10453K, committed 11264K, reserved 1048576K
}
Event: 18.373 GC heap before
{Heap before GC invocations=26 (full 0):
 garbage-first heap   total 139264K, used 126592K [0x0000000080000000, 0x0000000100000000)
  region size 1024K, 67 young (68608K), 5 survivors (5120K)
 Metaspace       used 73785K, committed 75520K, reserved 1114112K
  class space    used 10453K, committed 11264K, reserved 1048576K
}
Event: 18.380 GC heap after
{Heap after GC invocations=27 (full 0):
 garbage-first heap   total 139264K, used 65979K [0x0000000080000000, 0x0000000100000000)
  region size 1024K, 7 young (7168K), 7 survivors (7168K)
 Metaspace       used 73785K, committed 75520K, reserved 1114112K
  class space    used 10453K, committed 11264K, reserved 1048576K
}
Event: 18.480 GC heap before
{Heap before GC invocations=27 (full 0):
 garbage-first heap   total 139264K, used 113083K [0x0000000080000000, 0x0000000100000000)
  region size 1024K, 55 young (56320K), 7 survivors (7168K)
 Metaspace       used 73796K, committed 75520K, reserved 1114112K
  class space    used 10453K, committed 11264K, reserved 1048576K
}
Event: 18.489 GC heap after
{Heap after GC invocations=28 (full 0):
 garbage-first heap   total 237568K, used 67203K [0x0000000080000000, 0x0000000100000000)
  region size 1024K, 6 young (6144K), 6 survivors (6144K)
 Metaspace       used 73796K, committed 75520K, reserved 1114112K
  class space    used 10453K, committed 11264K, reserved 1048576K
}
Event: 18.876 GC heap before
{Heap before GC invocations=29 (full 0):
 garbage-first heap   total 237568K, used 206467K [0x0000000080000000, 0x0000000100000000)
  region size 1024K, 139 young (142336K), 6 survivors (6144K)
 Metaspace       used 73842K, committed 75584K, reserved 1114112K
  class space    used 10453K, committed 11264K, reserved 1048576K
}
Event: 18.886 GC heap after
{Heap after GC invocations=30 (full 0):
 garbage-first heap   total 237568K, used 76069K [0x0000000080000000, 0x0000000100000000)
  region size 1024K, 11 young (11264K), 11 survivors (11264K)
 Metaspace       used 73842K, committed 75584K, reserved 1114112K
  class space    used 10453K, committed 11264K, reserved 1048576K
}
Event: 20.160 GC heap before
{Heap before GC invocations=30 (full 0):
 garbage-first heap   total 237568K, used 206117K [0x0000000080000000, 0x0000000100000000)
  region size 1024K, 139 young (142336K), 11 survivors (11264K)
 Metaspace       used 73894K, committed 75648K, reserved 1114112K
  class space    used 10453K, committed 11264K, reserved 1048576K
}

