# JRE version: OpenJDK Runtime Environment (21.0.9) (build 21.0.9+-14649483-b1163.86)
# Java VM: OpenJDK 64-Bit Server VM (21.0.9+-14649483-b1163.86, mixed mode, tiered, compressed oops, compressed class ptrs, g1 gc, windows-amd64)
GC Precious Log:
 CardTable entry size: 512
 Card Set container configuration: InlinePtr #cards 5 size 8 Array Of Cards #cards 12 size 40 Howl #buckets 4 coarsen threshold 1843 Howl Bitmap #cards 512 size 80 coarsen threshold 460 Card regions per heap region 1 cards per card region 2048
 CPUs: 12 total, 12 available
 Memory: 7528M
 Large Page Support: Disabled
 NUMA Support: Disabled
 Compressed Oops: Enabled (32-bit)
 Heap Region Size: 1M
 Heap Min Capacity: 8M
 Heap Initial Capacity: 118M
 Heap Max Capacity: 2G
 Pre-touch: Disabled
 Parallel Workers: 10
 Concurrent Workers: 3
 Concurrent Refinement Workers: 10
 Periodic GC: Disabled
Heap:
 garbage-first heap   total 123904K, used 68472K [0x0000000080000000, 0x0000000100000000)
  region size 1024K, 5 young (5120K), 5 survivors (5120K)
 Metaspace       used 73691K, committed 75392K, reserved 1114112K
  class space    used 10431K, committed 11264K, reserved 1048576K
GC Heap History (20 events):
Event: 13.184 GC heap after
{Heap after GC invocations=15 (full 0):
 garbage-first heap   total 91136K, used 42389K [0x0000000080000000, 0x0000000100000000)
  region size 1024K, 5 young (5120K), 5 survivors (5120K)
 Metaspace       used 58274K, committed 59776K, reserved 1114112K
  class space    used 8083K, committed 8768K, reserved 1048576K
}
Event: 13.336 GC heap before
{Heap before GC invocations=15 (full 0):
 garbage-first heap   total 91136K, used 55701K [0x0000000080000000, 0x0000000100000000)
  region size 1024K, 19 young (19456K), 5 survivors (5120K)
 Metaspace       used 58641K, committed 60096K, reserved 1114112K
  class space    used 8133K, committed 8832K, reserved 1048576K
}
Event: 13.343 GC heap after
{Heap after GC invocations=16 (full 0):
 garbage-first heap   total 91136K, used 42918K [0x0000000080000000, 0x0000000100000000)
  region size 1024K, 4 young (4096K), 4 survivors (4096K)
 Metaspace       used 58641K, committed 60096K, reserved 1114112K
  class space    used 8133K, committed 8832K, reserved 1048576K
}
Event: 14.324 GC heap before
{Heap before GC invocations=17 (full 0):
 garbage-first heap   total 91136K, used 80806K [0x0000000080000000, 0x0000000100000000)
  region size 1024K, 41 young (41984K), 4 survivors (4096K)
 Metaspace       used 63256K, committed 64896K, reserved 1114112K
  class space    used 8864K, committed 9664K, reserved 1048576K
}
Event: 14.329 GC heap after
{Heap after GC invocations=18 (full 0):
 garbage-first heap   total 91136K, used 44502K [0x0000000080000000, 0x0000000100000000)
  region size 1024K, 5 young (5120K), 5 survivors (5120K)
 Metaspace       used 63256K, committed 64896K, reserved 1114112K
  class space    used 8864K, committed 9664K, reserved 1048576K
}
Event: 20.292 GC heap before
{Heap before GC invocations=18 (full 0):
 garbage-first heap   total 91136K, used 82390K [0x0000000080000000, 0x0000000100000000)
  region size 1024K, 42 young (43008K), 5 survivors (5120K)
 Metaspace       used 68417K, committed 70016K, reserved 1114112K
  class space    used 9639K, committed 10432K, reserved 1048576K
}
Event: 20.302 GC heap after
{Heap after GC invocations=19 (full 0):
 garbage-first heap   total 91136K, used 45930K [0x0000000080000000, 0x0000000100000000)
  region size 1024K, 4 young (4096K), 4 survivors (4096K)
 Metaspace       used 68417K, committed 70016K, reserved 1114112K
  class space    used 9639K, committed 10432K, reserved 1048576K
}
Event: 21.628 GC heap before
{Heap before GC invocations=19 (full 0):
 garbage-first heap   total 91136K, used 83818K [0x0000000080000000, 0x0000000100000000)
  region size 1024K, 41 young (41984K), 4 survivors (4096K)
 Metaspace       used 72510K, committed 74240K, reserved 1114112K
  class space    used 10285K, committed 11136K, reserved 1048576K
}
Event: 21.639 GC heap after
{Heap after GC invocations=20 (full 0):
 garbage-first heap   total 91136K, used 48519K [0x0000000080000000, 0x0000000100000000)
  region size 1024K, 5 young (5120K), 5 survivors (5120K)
 Metaspace       used 72510K, committed 74240K, reserved 1114112K
  class space    used 10285K, committed 11136K, reserved 1048576K
}
Event: 22.551 GC heap before
{Heap before GC invocations=21 (full 0):
 garbage-first heap   total 91136K, used 86407K [0x0000000080000000, 0x0000000100000000)
  region size 1024K, 39 young (39936K), 5 survivors (5120K)
 Metaspace       used 73375K, committed 75136K, reserved 1114112K
  class space    used 10399K, committed 11200K, reserved 1048576K
}
Event: 22.564 GC heap after
{Heap after GC invocations=22 (full 0):
 garbage-first heap   total 115712K, used 55839K [0x0000000080000000, 0x0000000100000000)
  region size 1024K, 5 young (5120K), 5 survivors (5120K)
 Metaspace       used 73375K, committed 75136K, reserved 1114112K
  class space    used 10399K, committed 11200K, reserved 1048576K
}
Event: 22.714 GC heap before
{Heap before GC invocations=22 (full 0):
 garbage-first heap   total 115712K, used 107039K [0x0000000080000000, 0x0000000100000000)
  region size 1024K, 52 young (53248K), 5 survivors (5120K)
 Metaspace       used 73475K, committed 75200K, reserved 1114112K
  class space    used 10400K, committed 11200K, reserved 1048576K
}
Event: 22.724 GC heap after
{Heap after GC invocations=23 (full 0):
 garbage-first heap   total 117760K, used 62564K [0x0000000080000000, 0x0000000100000000)
  region size 1024K, 6 young (6144K), 6 survivors (6144K)
 Metaspace       used 73475K, committed 75200K, reserved 1114112K
  class space    used 10400K, committed 11200K, reserved 1048576K
}
Event: 22.824 GC heap before
{Heap before GC invocations=23 (full 0):
 garbage-first heap   total 117760K, used 106596K [0x0000000080000000, 0x0000000100000000)
  region size 1024K, 51 young (52224K), 6 survivors (6144K)
 Metaspace       used 73517K, committed 75200K, reserved 1114112K
  class space    used 10400K, committed 11200K, reserved 1048576K
}
Event: 22.834 GC heap after
{Heap after GC invocations=24 (full 0):
 garbage-first heap   total 117760K, used 64052K [0x0000000080000000, 0x0000000100000000)
  region size 1024K, 4 young (4096K), 4 survivors (4096K)
 Metaspace       used 73517K, committed 75200K, reserved 1114112K
  class space    used 10400K, committed 11200K, reserved 1048576K
}
Event: 22.930 GC heap before
{Heap before GC invocations=25 (full 0):
 garbage-first heap   total 117760K, used 108084K [0x0000000080000000, 0x0000000100000000)
  region size 1024K, 48 young (49152K), 4 survivors (4096K)
 Metaspace       used 73564K, committed 75264K, reserved 1114112K
  class space    used 10405K, committed 11200K, reserved 1048576K
}
Event: 22.935 GC heap after
{Heap after GC invocations=26 (full 0):
 garbage-first heap   total 117760K, used 65589K [0x0000000080000000, 0x0000000100000000)
  region size 1024K, 4 young (4096K), 4 survivors (4096K)
 Metaspace       used 73564K, committed 75264K, reserved 1114112K
  class space    used 10405K, committed 11200K, reserved 1048576K
}
Event: 23.028 GC heap before
{Heap before GC invocations=26 (full 0):
 garbage-first heap   total 117760K, used 108597K [0x0000000080000000, 0x0000000100000000)
  region size 1024K, 47 young (48128K), 4 survivors (4096K)
 Metaspace       used 73680K, committed 75392K, reserved 1114112K
  class space    used 10428K, committed 11264K, reserved 1048576K
}
Event: 23.035 GC heap after
{Heap after GC invocations=27 (full 0):
 garbage-first heap   total 117760K, used 66563K [0x0000000080000000, 0x0000000100000000)
  region size 1024K, 5 young (5120K), 5 survivors (5120K)
 Metaspace       used 73680K, committed 75392K, reserved 1114112K
  class space    used 10428K, committed 11264K, reserved 1048576K
}
Event: 23.107 GC heap before
{Heap before GC invocations=27 (full 0):
 garbage-first heap   total 117760K, used 108547K [0x0000000080000000, 0x0000000100000000)
  region size 1024K, 48 young (49152K), 5 survivors (5120K)
 Metaspace       used 73691K, committed 75392K, reserved 1114112K
  class space    used 10431K, committed 11264K, reserved 1048576K
}

