# JRE version: OpenJDK Runtime Environment (21.0.9) (build 21.0.9+-14649483-b1163.86)
# Java VM: OpenJDK 64-Bit Server VM (21.0.9+-14649483-b1163.86, mixed mode, tiered, compressed oops, compressed class ptrs, g1 gc, windows-amd64)
GC Precious Log:
 CardTable entry size: 512
 Card Set container configuration: InlinePtr #cards 4 size 8 Array Of Cards #cards 16 size 48 Howl #buckets 8 coarsen threshold 3686 Howl Bitmap #cards 512 size 80 coarsen threshold 460 Card regions per heap region 1 cards per card region 4096
 CPUs: 12 total, 12 available
 Memory: 7528M
 Large Page Support: Disabled
 NUMA Support: Disabled
 Compressed Oops: Enabled (Zero based)
 Heap Region Size: 2M
 Heap Min Capacity: 8M
 Heap Initial Capacity: 118M
 Heap Max Capacity: 4G
 Pre-touch: Disabled
 Parallel Workers: 10
 Concurrent Workers: 3
 Concurrent Refinement Workers: 10
 Periodic GC: Disabled
Heap:
 garbage-first heap   total 204800K, used 126491K [0x0000000700000000, 0x0000000800000000)
  region size 2048K, 1 young (2048K), 1 survivors (2048K)
 Metaspace       used 135921K, committed 137856K, reserved 983040K
  class space    used 17813K, committed 18752K, reserved 851968K
GC Heap History (20 events):
Event: 14.532 GC heap after
{Heap after GC invocations=26 (full 0):
 garbage-first heap   total 165888K, used 97089K [0x0000000700000000, 0x0000000800000000)
  region size 2048K, 3 young (6144K), 3 survivors (6144K)
 Metaspace       used 87353K, committed 88896K, reserved 983040K
  class space    used 12144K, committed 12864K, reserved 851968K
}
Event: 15.266 GC heap before
{Heap before GC invocations=26 (full 0):
 garbage-first heap   total 165888K, used 144193K [0x0000000700000000, 0x0000000800000000)
  region size 2048K, 26 young (53248K), 3 survivors (6144K)
 Metaspace       used 93236K, committed 95168K, reserved 983040K
  class space    used 12892K, committed 13824K, reserved 851968K
}
Event: 15.273 GC heap after
{Heap after GC invocations=27 (full 0):
 garbage-first heap   total 165888K, used 99837K [0x0000000700000000, 0x0000000800000000)
  region size 2048K, 2 young (4096K), 2 survivors (4096K)
 Metaspace       used 93236K, committed 95168K, reserved 983040K
  class space    used 12892K, committed 13824K, reserved 851968K
}
Event: 16.032 GC heap before
{Heap before GC invocations=27 (full 0):
 garbage-first heap   total 165888K, used 146941K [0x0000000700000000, 0x0000000800000000)
  region size 2048K, 25 young (51200K), 2 survivors (4096K)
 Metaspace       used 98841K, committed 100672K, reserved 983040K
  class space    used 13588K, committed 14464K, reserved 851968K
}
Event: 16.040 GC heap after
{Heap after GC invocations=28 (full 0):
 garbage-first heap   total 165888K, used 103528K [0x0000000700000000, 0x0000000800000000)
  region size 2048K, 4 young (8192K), 4 survivors (8192K)
 Metaspace       used 98841K, committed 100672K, reserved 983040K
  class space    used 13588K, committed 14464K, reserved 851968K
}
Event: 16.594 GC heap before
{Heap before GC invocations=29 (full 0):
 garbage-first heap   total 178176K, used 148584K [0x0000000700000000, 0x0000000800000000)
  region size 2048K, 26 young (53248K), 4 survivors (8192K)
 Metaspace       used 101206K, committed 103104K, reserved 983040K
  class space    used 13860K, committed 14784K, reserved 851968K
}
Event: 16.601 GC heap after
{Heap after GC invocations=30 (full 0):
 garbage-first heap   total 178176K, used 106333K [0x0000000700000000, 0x0000000800000000)
  region size 2048K, 4 young (8192K), 4 survivors (8192K)
 Metaspace       used 101206K, committed 103104K, reserved 983040K
  class space    used 13860K, committed 14784K, reserved 851968K
}
Event: 17.465 GC heap before
{Heap before GC invocations=30 (full 0):
 garbage-first heap   total 178176K, used 159581K [0x0000000700000000, 0x0000000800000000)
  region size 2048K, 30 young (61440K), 4 survivors (8192K)
 Metaspace       used 105777K, committed 107648K, reserved 983040K
  class space    used 14359K, committed 15232K, reserved 851968K
}
Event: 17.473 GC heap after
{Heap after GC invocations=31 (full 0):
 garbage-first heap   total 178176K, used 109041K [0x0000000700000000, 0x0000000800000000)
  region size 2048K, 4 young (8192K), 4 survivors (8192K)
 Metaspace       used 105777K, committed 107648K, reserved 983040K
  class space    used 14359K, committed 15232K, reserved 851968K
}
Event: 18.307 GC heap before
{Heap before GC invocations=31 (full 0):
 garbage-first heap   total 178176K, used 162289K [0x0000000700000000, 0x0000000800000000)
  region size 2048K, 30 young (61440K), 4 survivors (8192K)
 Metaspace       used 112234K, committed 114176K, reserved 983040K
  class space    used 15098K, committed 16000K, reserved 851968K
}
Event: 18.314 GC heap after
{Heap after GC invocations=32 (full 0):
 garbage-first heap   total 178176K, used 112776K [0x0000000700000000, 0x0000000800000000)
  region size 2048K, 4 young (8192K), 4 survivors (8192K)
 Metaspace       used 112234K, committed 114176K, reserved 983040K
  class space    used 15098K, committed 16000K, reserved 851968K
}
Event: 19.122 GC heap before
{Heap before GC invocations=33 (full 0):
 garbage-first heap   total 192512K, used 161928K [0x0000000700000000, 0x0000000800000000)
  region size 2048K, 28 young (57344K), 4 survivors (8192K)
 Metaspace       used 120452K, committed 122368K, reserved 983040K
  class space    used 15875K, committed 16768K, reserved 851968K
}
Event: 19.130 GC heap after
{Heap after GC invocations=34 (full 0):
 garbage-first heap   total 192512K, used 114415K [0x0000000700000000, 0x0000000800000000)
  region size 2048K, 3 young (6144K), 3 survivors (6144K)
 Metaspace       used 120452K, committed 122368K, reserved 983040K
  class space    used 15875K, committed 16768K, reserved 851968K
}
Event: 20.744 GC heap before
{Heap before GC invocations=34 (full 0):
 garbage-first heap   total 192512K, used 173807K [0x0000000700000000, 0x0000000800000000)
  region size 2048K, 33 young (67584K), 3 survivors (6144K)
 Metaspace       used 130374K, committed 132352K, reserved 983040K
  class space    used 17210K, committed 18176K, reserved 851968K
}
Event: 20.755 GC heap after
{Heap after GC invocations=35 (full 0):
 garbage-first heap   total 192512K, used 118005K [0x0000000700000000, 0x0000000800000000)
  region size 2048K, 5 young (10240K), 5 survivors (10240K)
 Metaspace       used 130374K, committed 132352K, reserved 983040K
  class space    used 17210K, committed 18176K, reserved 851968K
}
Event: 23.819 GC heap before
{Heap before GC invocations=35 (full 0):
 garbage-first heap   total 192512K, used 177397K [0x0000000700000000, 0x0000000800000000)
  region size 2048K, 34 young (69632K), 5 survivors (10240K)
 Metaspace       used 134689K, committed 136640K, reserved 983040K
  class space    used 17702K, committed 18624K, reserved 851968K
}
Event: 23.831 GC heap after
{Heap after GC invocations=36 (full 0):
 garbage-first heap   total 192512K, used 122690K [0x0000000700000000, 0x0000000800000000)
  region size 2048K, 5 young (10240K), 5 survivors (10240K)
 Metaspace       used 134689K, committed 136640K, reserved 983040K
  class space    used 17702K, committed 18624K, reserved 851968K
}
Event: 24.490 GC heap before
{Heap before GC invocations=37 (full 0):
 garbage-first heap   total 204800K, used 177986K [0x0000000700000000, 0x0000000800000000)
  region size 2048K, 33 young (67584K), 5 survivors (10240K)
 Metaspace       used 135774K, committed 137728K, reserved 983040K
  class space    used 17812K, committed 18752K, reserved 851968K
}
Event: 24.507 GC heap after
{Heap after GC invocations=38 (full 0):
 garbage-first heap   total 204800K, used 126551K [0x0000000700000000, 0x0000000800000000)
  region size 2048K, 5 young (10240K), 5 survivors (10240K)
 Metaspace       used 135774K, committed 137728K, reserved 983040K
  class space    used 17812K, committed 18752K, reserved 851968K
}
Event: 24.951 GC heap before
{Heap before GC invocations=38 (full 0):
 garbage-first heap   total 204800K, used 185943K [0x0000000700000000, 0x0000000800000000)
  region size 2048K, 35 young (71680K), 5 survivors (10240K)
 Metaspace       used 135921K, committed 137856K, reserved 983040K
  class space    used 17813K, committed 18752K, reserved 851968K
}

