# JRE version: OpenJDK Runtime Environment (21.0.9) (build 21.0.9+-14649483-b1163.86)
# Java VM: OpenJDK 64-Bit Server VM (21.0.9+-14649483-b1163.86, mixed mode, tiered, compressed oops, compressed class ptrs, g1 gc, windows-amd64)
GC Precious Log:
 CardTable entry size: 512
 Card Set container configuration: InlinePtr #cards 5 size 8 Array Of Cards #cards 12 size 40 Howl #buckets 4 coarsen threshold 1843 Howl Bitmap #cards 512 size 80 coarsen threshold 460 Card regions per heap region 1 cards per card region 2048
 CPUs: 12 total, 12 available
 Memory: 7528M
 Large Page Support: Disabled
 NUMA Support: Disabled
 Compressed Oops: Enabled (32-bit)
 Heap Region Size: 1M
 Heap Min Capacity: 8M
 Heap Initial Capacity: 118M
 Heap Max Capacity: 2G
 Pre-touch: Disabled
 Parallel Workers: 10
 Concurrent Workers: 3
 Concurrent Refinement Workers: 10
 Periodic GC: Disabled
Heap:
 garbage-first heap   total 169984K, used 98481K [0x0000000080000000, 0x0000000100000000)
  region size 1024K, 6 young (6144K), 6 survivors (6144K)
 Metaspace       used 75943K, committed 77760K, reserved 1179648K
  class space    used 10760K, committed 11648K, reserved 1048576K
GC Heap History (20 events):
Event: 12.427 GC heap after
{Heap after GC invocations=20 (full 0):
 garbage-first heap   total 134144K, used 70778K [0x0000000080000000, 0x0000000100000000)
  region size 1024K, 2 young (2048K), 2 survivors (2048K)
 Metaspace       used 62612K, committed 64256K, reserved 1114112K
  class space    used 8771K, committed 9536K, reserved 1048576K
}
Event: 13.571 GC heap before
{Heap before GC invocations=20 (full 0):
 garbage-first heap   total 134144K, used 117882K [0x0000000080000000, 0x0000000100000000)
  region size 1024K, 49 young (50176K), 2 survivors (2048K)
 Metaspace       used 68748K, committed 70400K, reserved 1114112K
  class space    used 9651K, committed 10432K, reserved 1048576K
}
Event: 13.578 GC heap after
{Heap after GC invocations=21 (full 0):
 garbage-first heap   total 134144K, used 72685K [0x0000000080000000, 0x0000000100000000)
  region size 1024K, 4 young (4096K), 4 survivors (4096K)
 Metaspace       used 68748K, committed 70400K, reserved 1114112K
  class space    used 9651K, committed 10432K, reserved 1048576K
}
Event: 14.653 GC heap before
{Heap before GC invocations=22 (full 0):
 garbage-first heap   total 134144K, used 120813K [0x0000000080000000, 0x0000000100000000)
  region size 1024K, 51 young (52224K), 4 survivors (4096K)
 Metaspace       used 73912K, committed 75776K, reserved 1114112K
  class space    used 10517K, committed 11456K, reserved 1048576K
}
Event: 14.660 GC heap after
{Heap after GC invocations=23 (full 0):
 garbage-first heap   total 134144K, used 75365K [0x0000000080000000, 0x0000000100000000)
  region size 1024K, 6 young (6144K), 6 survivors (6144K)
 Metaspace       used 73912K, committed 75776K, reserved 1114112K
  class space    used 10517K, committed 11456K, reserved 1048576K
}
Event: 15.858 GC heap before
{Heap before GC invocations=23 (full 0):
 garbage-first heap   total 134144K, used 125541K [0x0000000080000000, 0x0000000100000000)
  region size 1024K, 52 young (53248K), 6 survivors (6144K)
 Metaspace       used 75498K, committed 77376K, reserved 1179648K
  class space    used 10714K, committed 11648K, reserved 1048576K
}
Event: 15.871 GC heap after
{Heap after GC invocations=24 (full 0):
 garbage-first heap   total 139264K, used 83472K [0x0000000080000000, 0x0000000100000000)
  region size 1024K, 7 young (7168K), 7 survivors (7168K)
 Metaspace       used 75498K, committed 77376K, reserved 1179648K
  class space    used 10714K, committed 11648K, reserved 1048576K
}
Event: 15.926 GC heap before
{Heap before GC invocations=24 (full 0):
 garbage-first heap   total 139264K, used 102928K [0x0000000080000000, 0x0000000100000000)
  region size 1024K, 28 young (28672K), 7 survivors (7168K)
 Metaspace       used 75557K, committed 77440K, reserved 1179648K
  class space    used 10714K, committed 11648K, reserved 1048576K
}
Event: 15.937 GC heap after
{Heap after GC invocations=25 (full 0):
 garbage-first heap   total 167936K, used 85267K [0x0000000080000000, 0x0000000100000000)
  region size 1024K, 2 young (2048K), 2 survivors (2048K)
 Metaspace       used 75557K, committed 77440K, reserved 1179648K
  class space    used 10714K, committed 11648K, reserved 1048576K
}
Event: 15.977 GC heap before
{Heap before GC invocations=25 (full 0):
 garbage-first heap   total 167936K, used 100627K [0x0000000080000000, 0x0000000100000000)
  region size 1024K, 16 young (16384K), 2 survivors (2048K)
 Metaspace       used 75587K, committed 77440K, reserved 1179648K
  class space    used 10714K, committed 11648K, reserved 1048576K
}
Event: 15.982 GC heap after
{Heap after GC invocations=26 (full 0):
 garbage-first heap   total 167936K, used 88372K [0x0000000080000000, 0x0000000100000000)
  region size 1024K, 2 young (2048K), 2 survivors (2048K)
 Metaspace       used 75587K, committed 77440K, reserved 1179648K
  class space    used 10714K, committed 11648K, reserved 1048576K
}
Event: 16.163 GC heap before
{Heap before GC invocations=27 (full 0):
 garbage-first heap   total 167936K, used 153908K [0x0000000080000000, 0x0000000100000000)
  region size 1024K, 66 young (67584K), 2 survivors (2048K)
 Metaspace       used 75680K, committed 77568K, reserved 1179648K
  class space    used 10719K, committed 11648K, reserved 1048576K
}
Event: 16.169 GC heap after
{Heap after GC invocations=28 (full 0):
 garbage-first heap   total 167936K, used 91680K [0x0000000080000000, 0x0000000100000000)
  region size 1024K, 4 young (4096K), 4 survivors (4096K)
 Metaspace       used 75680K, committed 77568K, reserved 1179648K
  class space    used 10719K, committed 11648K, reserved 1048576K
}
Event: 16.299 GC heap before
{Heap before GC invocations=28 (full 0):
 garbage-first heap   total 167936K, used 155168K [0x0000000080000000, 0x0000000100000000)
  region size 1024K, 67 young (68608K), 4 survivors (4096K)
 Metaspace       used 75863K, committed 77696K, reserved 1179648K
  class space    used 10760K, committed 11648K, reserved 1048576K
}
Event: 16.307 GC heap after
{Heap after GC invocations=29 (full 0):
 garbage-first heap   total 167936K, used 93269K [0x0000000080000000, 0x0000000100000000)
  region size 1024K, 6 young (6144K), 6 survivors (6144K)
 Metaspace       used 75863K, committed 77696K, reserved 1179648K
  class space    used 10760K, committed 11648K, reserved 1048576K
}
Event: 16.425 GC heap before
{Heap before GC invocations=29 (full 0):
 garbage-first heap   total 167936K, used 155733K [0x0000000080000000, 0x0000000100000000)
  region size 1024K, 68 young (69632K), 6 survivors (6144K)
 Metaspace       used 75894K, committed 77760K, reserved 1179648K
  class space    used 10760K, committed 11648K, reserved 1048576K
}
Event: 16.432 GC heap after
{Heap after GC invocations=30 (full 0):
 garbage-first heap   total 167936K, used 95608K [0x0000000080000000, 0x0000000100000000)
  region size 1024K, 7 young (7168K), 7 survivors (7168K)
 Metaspace       used 75894K, committed 77760K, reserved 1179648K
  class space    used 10760K, committed 11648K, reserved 1048576K
}
Event: 16.570 GC heap before
{Heap before GC invocations=31 (full 0):
 garbage-first heap   total 167936K, used 157048K [0x0000000080000000, 0x0000000100000000)
  region size 1024K, 68 young (69632K), 7 survivors (7168K)
 Metaspace       used 75917K, committed 77760K, reserved 1179648K
  class space    used 10760K, committed 11648K, reserved 1048576K
}
Event: 16.578 GC heap after
{Heap after GC invocations=32 (full 0):
 garbage-first heap   total 167936K, used 97198K [0x0000000080000000, 0x0000000100000000)
  region size 1024K, 7 young (7168K), 7 survivors (7168K)
 Metaspace       used 75917K, committed 77760K, reserved 1179648K
  class space    used 10760K, committed 11648K, reserved 1048576K
}
Event: 16.670 GC heap before
{Heap before GC invocations=32 (full 0):
 garbage-first heap   total 167936K, used 156590K [0x0000000080000000, 0x0000000100000000)
  region size 1024K, 67 young (68608K), 7 survivors (7168K)
 Metaspace       used 75943K, committed 77760K, reserved 1179648K
  class space    used 10760K, committed 11648K, reserved 1048576K
}

