# JRE version: OpenJDK Runtime Environment (21.0.9) (build 21.0.9+-14649483-b1163.86)
# Java VM: OpenJDK 64-Bit Server VM (21.0.9+-14649483-b1163.86, mixed mode, tiered, compressed oops, compressed class ptrs, g1 gc, windows-amd64)
GC Precious Log:
 CardTable entry size: 512
 Card Set container configuration: InlinePtr #cards 4 size 8 Array Of Cards #cards 16 size 48 Howl #buckets 8 coarsen threshold 3686 Howl Bitmap #cards 512 size 80 coarsen threshold 460 Card regions per heap region 1 cards per card region 4096
 CPUs: 12 total, 12 available
 Memory: 7528M
 Large Page Support: Disabled
 NUMA Support: Disabled
 Compressed Oops: Enabled (Zero based)
 Heap Region Size: 2M
 Heap Min Capacity: 8M
 Heap Initial Capacity: 118M
 Heap Max Capacity: 4G
 Pre-touch: Disabled
 Parallel Workers: 10
 Concurrent Workers: 3
 Concurrent Refinement Workers: 10
 Periodic GC: Disabled
Heap:
 garbage-first heap   total 442368K, used 143026K [0x0000000700000000, 0x0000000800000000)
  region size 2048K, 1 young (2048K), 1 survivors (2048K)
 Metaspace       used 87173K, committed 89024K, reserved 983040K
  class space    used 12094K, committed 12992K, reserved 851968K
GC Heap History (20 events):
Event: 28.164 GC heap before
{Heap before GC invocations=34 (full 0):
 garbage-first heap   total 178176K, used 161598K [0x0000000700000000, 0x0000000800000000)
  region size 2048K, 35 young (71680K), 4 survivors (8192K)
 Metaspace       used 85250K, committed 87040K, reserved 983040K
  class space    used 11902K, committed 12736K, reserved 851968K
}
Event: 28.172 GC heap after
{Heap after GC invocations=35 (full 0):
 garbage-first heap   total 356352K, used 100304K [0x0000000700000000, 0x0000000800000000)
  region size 2048K, 3 young (6144K), 3 survivors (6144K)
 Metaspace       used 85250K, committed 87040K, reserved 983040K
  class space    used 11902K, committed 12736K, reserved 851968K
}
Event: 29.349 GC heap before
{Heap before GC invocations=35 (full 0):
 garbage-first heap   total 356352K, used 298960K [0x0000000700000000, 0x0000000800000000)
  region size 2048K, 101 young (206848K), 3 survivors (6144K)
 Metaspace       used 85403K, committed 87232K, reserved 983040K
  class space    used 11909K, committed 12800K, reserved 851968K
}
Event: 29.377 GC heap after
{Heap after GC invocations=36 (full 0):
 garbage-first heap   total 356352K, used 120608K [0x0000000700000000, 0x0000000800000000)
  region size 2048K, 13 young (26624K), 13 survivors (26624K)
 Metaspace       used 85403K, committed 87232K, reserved 983040K
  class space    used 11909K, committed 12800K, reserved 851968K
}
Event: 30.481 GC heap before
{Heap before GC invocations=36 (full 0):
 garbage-first heap   total 356352K, used 304928K [0x0000000700000000, 0x0000000800000000)
  region size 2048K, 104 young (212992K), 13 survivors (26624K)
 Metaspace       used 86839K, committed 88640K, reserved 983040K
  class space    used 12091K, committed 12928K, reserved 851968K
}
Event: 30.512 GC heap after
{Heap after GC invocations=37 (full 0):
 garbage-first heap   total 356352K, used 133709K [0x0000000700000000, 0x0000000800000000)
  region size 2048K, 7 young (14336K), 7 survivors (14336K)
 Metaspace       used 86839K, committed 88640K, reserved 983040K
  class space    used 12091K, committed 12928K, reserved 851968K
}
Event: 31.026 GC heap before
{Heap before GC invocations=37 (full 0):
 garbage-first heap   total 356352K, used 313933K [0x0000000700000000, 0x0000000800000000)
  region size 2048K, 95 young (194560K), 7 survivors (14336K)
 Metaspace       used 87019K, committed 88832K, reserved 983040K
  class space    used 12093K, committed 12928K, reserved 851968K
}
Event: 31.038 GC heap after
{Heap after GC invocations=38 (full 0):
 garbage-first heap   total 356352K, used 134506K [0x0000000700000000, 0x0000000800000000)
  region size 2048K, 7 young (14336K), 7 survivors (14336K)
 Metaspace       used 87019K, committed 88832K, reserved 983040K
  class space    used 12093K, committed 12928K, reserved 851968K
}
Event: 31.843 GC heap before
{Heap before GC invocations=39 (full 0):
 garbage-first heap   total 356352K, used 318826K [0x0000000700000000, 0x0000000800000000)
  region size 2048K, 98 young (200704K), 7 survivors (14336K)
 Metaspace       used 87086K, committed 88896K, reserved 983040K
  class space    used 12093K, committed 12928K, reserved 851968K
}
Event: 31.860 GC heap after
{Heap after GC invocations=40 (full 0):
 garbage-first heap   total 356352K, used 138997K [0x0000000700000000, 0x0000000800000000)
  region size 2048K, 10 young (20480K), 10 survivors (20480K)
 Metaspace       used 87086K, committed 88896K, reserved 983040K
  class space    used 12093K, committed 12928K, reserved 851968K
}
Event: 33.554 GC heap before
{Heap before GC invocations=40 (full 0):
 garbage-first heap   total 356352K, used 321269K [0x0000000700000000, 0x0000000800000000)
  region size 2048K, 100 young (204800K), 10 survivors (20480K)
 Metaspace       used 87118K, committed 88896K, reserved 983040K
  class space    used 12094K, committed 12928K, reserved 851968K
}
Event: 33.658 GC heap after
{Heap after GC invocations=41 (full 0):
 garbage-first heap   total 442368K, used 138251K [0x0000000700000000, 0x0000000800000000)
  region size 2048K, 5 young (10240K), 5 survivors (10240K)
 Metaspace       used 87118K, committed 88896K, reserved 983040K
  class space    used 12094K, committed 12928K, reserved 851968K
}
Event: 34.874 GC heap before
{Heap before GC invocations=41 (full 0):
 garbage-first heap   total 442368K, used 392203K [0x0000000700000000, 0x0000000800000000)
  region size 2048K, 129 young (264192K), 5 survivors (10240K)
 Metaspace       used 87152K, committed 88960K, reserved 983040K
  class space    used 12094K, committed 12928K, reserved 851968K
}
Event: 34.898 GC heap after
{Heap after GC invocations=42 (full 0):
 garbage-first heap   total 442368K, used 141312K [0x0000000700000000, 0x0000000800000000)
  region size 2048K, 6 young (12288K), 6 survivors (12288K)
 Metaspace       used 87152K, committed 88960K, reserved 983040K
  class space    used 12094K, committed 12928K, reserved 851968K
}
Event: 34.899 GC heap before
{Heap before GC invocations=42 (full 0):
 garbage-first heap   total 442368K, used 143360K [0x0000000700000000, 0x0000000800000000)
  region size 2048K, 8 young (16384K), 6 survivors (12288K)
 Metaspace       used 87152K, committed 88960K, reserved 983040K
  class space    used 12094K, committed 12928K, reserved 851968K
}
Event: 34.907 GC heap after
{Heap after GC invocations=43 (full 0):
 garbage-first heap   total 442368K, used 141273K [0x0000000700000000, 0x0000000800000000)
  region size 2048K, 6 young (12288K), 6 survivors (12288K)
 Metaspace       used 87152K, committed 88960K, reserved 983040K
  class space    used 12094K, committed 12928K, reserved 851968K
}
Event: 37.300 GC heap before
{Heap before GC invocations=44 (full 0):
 garbage-first heap   total 442368K, used 395225K [0x0000000700000000, 0x0000000800000000)
  region size 2048K, 129 young (264192K), 6 survivors (12288K)
 Metaspace       used 87173K, committed 89024K, reserved 983040K
  class space    used 12094K, committed 12992K, reserved 851968K
}
Event: 38.100 GC heap after
{Heap after GC invocations=45 (full 0):
 garbage-first heap   total 442368K, used 143565K [0x0000000700000000, 0x0000000800000000)
  region size 2048K, 7 young (14336K), 7 survivors (14336K)
 Metaspace       used 87173K, committed 89024K, reserved 983040K
  class space    used 12094K, committed 12992K, reserved 851968K
}
Event: 38.106 GC heap before
{Heap before GC invocations=45 (full 0):
 garbage-first heap   total 442368K, used 149709K [0x0000000700000000, 0x0000000800000000)
  region size 2048K, 10 young (20480K), 7 survivors (14336K)
 Metaspace       used 87173K, committed 89024K, reserved 983040K
  class space    used 12094K, committed 12992K, reserved 851968K
}
Event: 38.115 GC heap after
{Heap after GC invocations=46 (full 0):
 garbage-first heap   total 442368K, used 144392K [0x0000000700000000, 0x0000000800000000)
  region size 2048K, 1 young (2048K), 1 survivors (2048K)
 Metaspace       used 87173K, committed 89024K, reserved 983040K
  class space    used 12094K, committed 12992K, reserved 851968K
}

