# JRE version: OpenJDK Runtime Environment (21.0.9) (build 21.0.9+-14649483-b1163.86)
# Java VM: OpenJDK 64-Bit Server VM (21.0.9+-14649483-b1163.86, mixed mode, tiered, compressed oops, compressed class ptrs, g1 gc, windows-amd64)
GC Precious Log:
 CardTable entry size: 512
 Card Set container configuration: InlinePtr #cards 5 size 8 Array Of Cards #cards 12 size 40 Howl #buckets 4 coarsen threshold 1843 Howl Bitmap #cards 512 size 80 coarsen threshold 460 Card regions per heap region 1 cards per card region 2048
 CPUs: 12 total, 12 available
 Memory: 7528M
 Large Page Support: Disabled
 NUMA Support: Disabled
 Compressed Oops: Enabled (32-bit)
 Heap Region Size: 1M
 Heap Min Capacity: 8M
 Heap Initial Capacity: 118M
 Heap Max Capacity: 2G
 Pre-touch: Disabled
 Parallel Workers: 10
 Concurrent Workers: 3
 Concurrent Refinement Workers: 10
 Periodic GC: Disabled
Heap:
 garbage-first heap   total 236544K, used 134753K [0x0000000080000000, 0x0000000100000000)
  region size 1024K, 10 young (10240K), 10 survivors (10240K)
 Metaspace       used 164358K, committed 166592K, reserved 1245184K
  class space    used 21466K, committed 22528K, reserved 1048576K
GC Heap History (20 events):
Event: 31.689 GC heap after
{Heap after GC invocations=50 (full 0):
 garbage-first heap   total 229376K, used 108566K [0x0000000080000000, 0x0000000100000000)
  region size 1024K, 14 young (14336K), 14 survivors (14336K)
 Metaspace       used 137005K, committed 139136K, reserved 1179648K
  class space    used 17942K, committed 18944K, reserved 1048576K
}
Event: 32.787 GC heap before
{Heap before GC invocations=50 (full 0):
 garbage-first heap   total 229376K, used 208918K [0x0000000080000000, 0x0000000100000000)
  region size 1024K, 112 young (114688K), 14 survivors (14336K)
 Metaspace       used 141836K, committed 143936K, reserved 1179648K
  class space    used 18686K, committed 19648K, reserved 1048576K
}
Event: 32.800 GC heap after
{Heap after GC invocations=51 (full 0):
 garbage-first heap   total 229376K, used 109798K [0x0000000080000000, 0x0000000100000000)
  region size 1024K, 8 young (8192K), 8 survivors (8192K)
 Metaspace       used 141836K, committed 143936K, reserved 1179648K
  class space    used 18686K, committed 19648K, reserved 1048576K
}
Event: 35.194 GC heap before
{Heap before GC invocations=52 (full 0):
 garbage-first heap   total 229376K, used 211174K [0x0000000080000000, 0x0000000100000000)
  region size 1024K, 108 young (110592K), 8 survivors (8192K)
 Metaspace       used 152811K, committed 155072K, reserved 1245184K
  class space    used 20187K, committed 21248K, reserved 1048576K
}
Event: 35.209 GC heap after
{Heap after GC invocations=53 (full 0):
 garbage-first heap   total 229376K, used 114584K [0x0000000080000000, 0x0000000100000000)
  region size 1024K, 12 young (12288K), 12 survivors (12288K)
 Metaspace       used 152811K, committed 155072K, reserved 1245184K
  class space    used 20187K, committed 21248K, reserved 1048576K
}
Event: 36.993 GC heap before
{Heap before GC invocations=53 (full 0):
 garbage-first heap   total 229376K, used 213912K [0x0000000080000000, 0x0000000100000000)
  region size 1024K, 109 young (111616K), 12 survivors (12288K)
 Metaspace       used 157942K, committed 160192K, reserved 1245184K
  class space    used 20705K, committed 21824K, reserved 1048576K
}
Event: 37.009 GC heap after
{Heap after GC invocations=54 (full 0):
 garbage-first heap   total 231424K, used 115620K [0x0000000080000000, 0x0000000100000000)
  region size 1024K, 9 young (9216K), 9 survivors (9216K)
 Metaspace       used 157942K, committed 160192K, reserved 1245184K
  class space    used 20705K, committed 21824K, reserved 1048576K
}
Event: 45.062 GC heap before
{Heap before GC invocations=54 (full 0):
 garbage-first heap   total 231424K, used 163748K [0x0000000080000000, 0x0000000100000000)
  region size 1024K, 58 young (59392K), 9 survivors (9216K)
 Metaspace       used 164155K, committed 166400K, reserved 1245184K
  class space    used 21462K, committed 22528K, reserved 1048576K
}
Event: 45.093 GC heap after
{Heap after GC invocations=55 (full 0):
 garbage-first heap   total 231424K, used 120661K [0x0000000080000000, 0x0000000100000000)
  region size 1024K, 12 young (12288K), 12 survivors (12288K)
 Metaspace       used 164155K, committed 166400K, reserved 1245184K
  class space    used 21462K, committed 22528K, reserved 1048576K
}
Event: 45.467 GC heap before
{Heap before GC invocations=56 (full 0):
 garbage-first heap   total 231424K, used 215893K [0x0000000080000000, 0x0000000100000000)
  region size 1024K, 104 young (106496K), 12 survivors (12288K)
 Metaspace       used 164250K, committed 166528K, reserved 1245184K
  class space    used 21466K, committed 22528K, reserved 1048576K
}
Event: 45.481 GC heap after
{Heap after GC invocations=57 (full 0):
 garbage-first heap   total 233472K, used 126829K [0x0000000080000000, 0x0000000100000000)
  region size 1024K, 9 young (9216K), 9 survivors (9216K)
 Metaspace       used 164250K, committed 166528K, reserved 1245184K
  class space    used 21466K, committed 22528K, reserved 1048576K
}
Event: 45.713 GC heap before
{Heap before GC invocations=57 (full 0):
 garbage-first heap   total 233472K, used 221037K [0x0000000080000000, 0x0000000100000000)
  region size 1024K, 99 young (101376K), 9 survivors (9216K)
 Metaspace       used 164294K, committed 166528K, reserved 1245184K
  class space    used 21466K, committed 22528K, reserved 1048576K
}
Event: 45.727 GC heap after
{Heap after GC invocations=58 (full 0):
 garbage-first heap   total 236544K, used 130655K [0x0000000080000000, 0x0000000100000000)
  region size 1024K, 7 young (7168K), 7 survivors (7168K)
 Metaspace       used 164294K, committed 166528K, reserved 1245184K
  class space    used 21466K, committed 22528K, reserved 1048576K
}
Event: 45.792 GC heap before
{Heap before GC invocations=58 (full 0):
 garbage-first heap   total 236544K, used 161375K [0x0000000080000000, 0x0000000100000000)
  region size 1024K, 38 young (38912K), 7 survivors (7168K)
 Metaspace       used 164296K, committed 166528K, reserved 1245184K
  class space    used 21466K, committed 22528K, reserved 1048576K
}
Event: 45.800 GC heap after
{Heap after GC invocations=59 (full 0):
 garbage-first heap   total 236544K, used 130922K [0x0000000080000000, 0x0000000100000000)
  region size 1024K, 8 young (8192K), 8 survivors (8192K)
 Metaspace       used 164296K, committed 166528K, reserved 1245184K
  class space    used 21466K, committed 22528K, reserved 1048576K
}
Event: 46.044 GC heap before
{Heap before GC invocations=60 (full 0):
 garbage-first heap   total 236544K, used 222058K [0x0000000080000000, 0x0000000100000000)
  region size 1024K, 97 young (99328K), 8 survivors (8192K)
 Metaspace       used 164320K, committed 166592K, reserved 1245184K
  class space    used 21466K, committed 22528K, reserved 1048576K
}
Event: 46.054 GC heap after
{Heap after GC invocations=61 (full 0):
 garbage-first heap   total 236544K, used 134437K [0x0000000080000000, 0x0000000100000000)
  region size 1024K, 7 young (7168K), 7 survivors (7168K)
 Metaspace       used 164320K, committed 166592K, reserved 1245184K
  class space    used 21466K, committed 22528K, reserved 1048576K
}
Event: 46.278 GC heap before
{Heap before GC invocations=61 (full 0):
 garbage-first heap   total 236544K, used 222501K [0x0000000080000000, 0x0000000100000000)
  region size 1024K, 94 young (96256K), 7 survivors (7168K)
 Metaspace       used 164357K, committed 166592K, reserved 1245184K
  class space    used 21466K, committed 22528K, reserved 1048576K
}
Event: 46.289 GC heap after
{Heap after GC invocations=62 (full 0):
 garbage-first heap   total 236544K, used 133273K [0x0000000080000000, 0x0000000100000000)
  region size 1024K, 9 young (9216K), 9 survivors (9216K)
 Metaspace       used 164357K, committed 166592K, reserved 1245184K
  class space    used 21466K, committed 22528K, reserved 1048576K
}
Event: 47.309 GC heap before
{Heap before GC invocations=62 (full 0):
 garbage-first heap   total 236544K, used 221337K [0x0000000080000000, 0x0000000100000000)
  region size 1024K, 96 young (98304K), 9 survivors (9216K)
 Metaspace       used 164358K, committed 166592K, reserved 1245184K
  class space    used 21466K, committed 22528K, reserved 1048576K
}

