# JRE version: OpenJDK Runtime Environment (21.0.9) (build 21.0.9+-14649483-b1163.86)
# Java VM: OpenJDK 64-Bit Server VM (21.0.9+-14649483-b1163.86, mixed mode, tiered, compressed oops, compressed class ptrs, g1 gc, windows-amd64)
GC Precious Log:
 CardTable entry size: 512
 Card Set container configuration: InlinePtr #cards 5 size 8 Array Of Cards #cards 12 size 40 Howl #buckets 4 coarsen threshold 1843 Howl Bitmap #cards 512 size 80 coarsen threshold 460 Card regions per heap region 1 cards per card region 2048
 CPUs: 12 total, 12 available
 Memory: 7528M
 Large Page Support: Disabled
 NUMA Support: Disabled
 Compressed Oops: Enabled (32-bit)
 Heap Region Size: 1M
 Heap Min Capacity: 8M
 Heap Initial Capacity: 118M
 Heap Max Capacity: 2G
 Pre-touch: Disabled
 Parallel Workers: 10
 Concurrent Workers: 3
 Concurrent Refinement Workers: 10
 Periodic GC: Disabled
Heap:
 garbage-first heap   total 152576K, used 90682K [0x0000000080000000, 0x0000000100000000)
  region size 1024K, 5 young (5120K), 5 survivors (5120K)
 Metaspace       used 75836K, committed 77696K, reserved 1179648K
  class space    used 10736K, committed 11648K, reserved 1048576K
GC Heap History (20 events):
Event: 34.927 GC heap after
{Heap after GC invocations=17 (full 0):
 garbage-first heap   total 104448K, used 63301K [0x0000000080000000, 0x0000000100000000)
  region size 1024K, 3 young (3072K), 3 survivors (3072K)
 Metaspace       used 57910K, committed 59392K, reserved 1114112K
  class space    used 8163K, committed 8896K, reserved 1048576K
}
Event: 35.861 GC heap before
{Heap before GC invocations=18 (full 0):
 garbage-first heap   total 109568K, used 98117K [0x0000000080000000, 0x0000000100000000)
  region size 1024K, 34 young (34816K), 3 survivors (3072K)
 Metaspace       used 60390K, committed 61888K, reserved 1114112K
  class space    used 8367K, committed 9088K, reserved 1048576K
}
Event: 35.868 GC heap after
{Heap after GC invocations=19 (full 0):
 garbage-first heap   total 109568K, used 69275K [0x0000000080000000, 0x0000000100000000)
  region size 1024K, 5 young (5120K), 5 survivors (5120K)
 Metaspace       used 60390K, committed 61888K, reserved 1114112K
  class space    used 8367K, committed 9088K, reserved 1048576K
}
Event: 36.107 GC heap before
{Heap before GC invocations=19 (full 0):
 garbage-first heap   total 109568K, used 99995K [0x0000000080000000, 0x0000000100000000)
  region size 1024K, 35 young (35840K), 5 survivors (5120K)
 Metaspace       used 60895K, committed 62464K, reserved 1114112K
  class space    used 8445K, committed 9216K, reserved 1048576K
}
Event: 36.114 GC heap after
{Heap after GC invocations=20 (full 0):
 garbage-first heap   total 109568K, used 69856K [0x0000000080000000, 0x0000000100000000)
  region size 1024K, 1 young (1024K), 1 survivors (1024K)
 Metaspace       used 60895K, committed 62464K, reserved 1114112K
  class space    used 8445K, committed 9216K, reserved 1048576K
}
Event: 37.042 GC heap before
{Heap before GC invocations=20 (full 0):
 garbage-first heap   total 109568K, used 100576K [0x0000000080000000, 0x0000000100000000)
  region size 1024K, 31 young (31744K), 1 survivors (1024K)
 Metaspace       used 64486K, committed 66112K, reserved 1114112K
  class space    used 9013K, committed 9792K, reserved 1048576K
}
Event: 37.048 GC heap after
{Heap after GC invocations=21 (full 0):
 garbage-first heap   total 109568K, used 71050K [0x0000000080000000, 0x0000000100000000)
  region size 1024K, 2 young (2048K), 2 survivors (2048K)
 Metaspace       used 64486K, committed 66112K, reserved 1114112K
  class space    used 9013K, committed 9792K, reserved 1048576K
}
Event: 37.719 GC heap before
{Heap before GC invocations=22 (full 0):
 garbage-first heap   total 119808K, used 100746K [0x0000000080000000, 0x0000000100000000)
  region size 1024K, 32 young (32768K), 2 survivors (2048K)
 Metaspace       used 68705K, committed 70336K, reserved 1114112K
  class space    used 9622K, committed 10432K, reserved 1048576K
}
Event: 37.725 GC heap after
{Heap after GC invocations=23 (full 0):
 garbage-first heap   total 144384K, used 72096K [0x0000000080000000, 0x0000000100000000)
  region size 1024K, 3 young (3072K), 3 survivors (3072K)
 Metaspace       used 68705K, committed 70336K, reserved 1114112K
  class space    used 9622K, committed 10432K, reserved 1048576K
}
Event: 39.527 GC heap before
{Heap before GC invocations=23 (full 0):
 garbage-first heap   total 144384K, used 129440K [0x0000000080000000, 0x0000000100000000)
  region size 1024K, 60 young (61440K), 3 survivors (3072K)
 Metaspace       used 74529K, committed 76352K, reserved 1179648K
  class space    used 10573K, committed 11456K, reserved 1048576K
}
Event: 39.537 GC heap after
{Heap after GC invocations=24 (full 0):
 garbage-first heap   total 144384K, used 75366K [0x0000000080000000, 0x0000000100000000)
  region size 1024K, 7 young (7168K), 7 survivors (7168K)
 Metaspace       used 74529K, committed 76352K, reserved 1179648K
  class space    used 10573K, committed 11456K, reserved 1048576K
}
Event: 40.599 GC heap before
{Heap before GC invocations=24 (full 0):
 garbage-first heap   total 144384K, used 103014K [0x0000000080000000, 0x0000000100000000)
  region size 1024K, 36 young (36864K), 7 survivors (7168K)
 Metaspace       used 75473K, committed 77248K, reserved 1179648K
  class space    used 10687K, committed 11584K, reserved 1048576K
}
Event: 40.610 GC heap after
{Heap after GC invocations=25 (full 0):
 garbage-first heap   total 144384K, used 78844K [0x0000000080000000, 0x0000000100000000)
  region size 1024K, 7 young (7168K), 7 survivors (7168K)
 Metaspace       used 75473K, committed 77248K, reserved 1179648K
  class space    used 10687K, committed 11584K, reserved 1048576K
}
Event: 40.816 GC heap before
{Heap before GC invocations=26 (full 0):
 garbage-first heap   total 144384K, used 133116K [0x0000000080000000, 0x0000000100000000)
  region size 1024K, 56 young (57344K), 7 survivors (7168K)
 Metaspace       used 75616K, committed 77440K, reserved 1179648K
  class space    used 10700K, committed 11584K, reserved 1048576K
}
Event: 40.826 GC heap after
{Heap after GC invocations=27 (full 0):
 garbage-first heap   total 144384K, used 85922K [0x0000000080000000, 0x0000000100000000)
  region size 1024K, 6 young (6144K), 6 survivors (6144K)
 Metaspace       used 75616K, committed 77440K, reserved 1179648K
  class space    used 10700K, committed 11584K, reserved 1048576K
}
Event: 40.941 GC heap before
{Heap before GC invocations=27 (full 0):
 garbage-first heap   total 144384K, used 130978K [0x0000000080000000, 0x0000000100000000)
  region size 1024K, 52 young (53248K), 6 survivors (6144K)
 Metaspace       used 75822K, committed 77696K, reserved 1179648K
  class space    used 10736K, committed 11648K, reserved 1048576K
}
Event: 40.949 GC heap after
{Heap after GC invocations=28 (full 0):
 garbage-first heap   total 144384K, used 87700K [0x0000000080000000, 0x0000000100000000)
  region size 1024K, 5 young (5120K), 5 survivors (5120K)
 Metaspace       used 75822K, committed 77696K, reserved 1179648K
  class space    used 10736K, committed 11648K, reserved 1048576K
}
Event: 41.022 GC heap before
{Heap before GC invocations=28 (full 0):
 garbage-first heap   total 144384K, used 113300K [0x0000000080000000, 0x0000000100000000)
  region size 1024K, 32 young (32768K), 5 survivors (5120K)
 Metaspace       used 75834K, committed 77696K, reserved 1179648K
  class space    used 10736K, committed 11648K, reserved 1048576K
}
Event: 41.028 GC heap after
{Heap after GC invocations=29 (full 0):
 garbage-first heap   total 144384K, used 89209K [0x0000000080000000, 0x0000000100000000)
  region size 1024K, 4 young (4096K), 4 survivors (4096K)
 Metaspace       used 75834K, committed 77696K, reserved 1179648K
  class space    used 10736K, committed 11648K, reserved 1048576K
}
Event: 41.170 GC heap before
{Heap before GC invocations=30 (full 0):
 garbage-first heap   total 152576K, used 134265K [0x0000000080000000, 0x0000000100000000)
  region size 1024K, 49 young (50176K), 4 survivors (4096K)
 Metaspace       used 75836K, committed 77696K, reserved 1179648K
  class space    used 10736K, committed 11648K, reserved 1048576K
}

